#
# A fatal error has been detected by the Java Runtime Environment:
#
#  SIGSEGV (0xb) at pc=0x00007fe14eb31401, pid=14151, tid=14162
#
# JRE version: OpenJDK Runtime Environment (11.0.4+11) (build 11.0.4+11-post-Ubuntu-1ubuntu218.04.3)
# Java VM: OpenJDK 64-Bit Server VM (11.0.4+11-post-Ubuntu-1ubuntu218.04.3, mixed mode, sharing, tiered, compressed oops, serial gc, linux-amd64)
# Problematic frame:
# C  [libjimage.so+0x2401]
#
# Core dump will be written. Default location: Core dumps may be processed with "/usr/share/apport/apport %p %s %c %d %P" (or dumping to /home/andre/Mestrado/TrabalhoES1/Repository/ES1-2019-IC-METI-PL-91/ESProject/core.14151)
#
# If you would like to submit a bug report, please visit:
#   https://bugs.launchpad.net/ubuntu/+source/openjdk-lts
#

---------------  S U M M A R Y ------------

Command Line: -agentlib:jdwp=transport=dt_socket,suspend=y,address=localhost:45223 -javaagent:/home/andre/eclipse/java-2019-09/eclipse/configuration/org.eclipse.osgi/223/0/.cp/lib/javaagent-shaded.jar -Dfile.encoding=UTF-8 ES1_2019_IC_METI_PL_91.ESProject.gui

Host: Intel(R) Core(TM) i5-6200U CPU @ 2.30GHz, 1 cores, 10G, Ubuntu 18.04.2 LTS
Time: Sun Nov 24 22:55:02 2019 WET elapsed time: 57 seconds (0d 0h 0m 57s)

---------------  T H R E A D  ---------------

Current thread (0x00007fe1500bb000):  JavaThread "Signal Dispatcher" daemon [_thread_in_vm, id=14162, stack(0x00007fe135368000,0x00007fe135469000)]

Stack: [0x00007fe135368000,0x00007fe135469000],  sp=0x00007fe135466140,  free space=1016k
Native frames: (J=compiled Java code, A=aot compiled Java code, j=interpreted, Vv=VM code, C=native code)
C  [libjimage.so+0x2401]
C  [libjimage.so+0x30ea]
C  [libjimage.so+0x35c6]  JIMAGE_FindResource+0xd6
V  [libjvm.so+0x59147e]
V  [libjvm.so+0x5941e0]
V  [libjvm.so+0xd455a5]
V  [libjvm.so+0xd42f3a]
V  [libjvm.so+0xd45b32]
V  [libjvm.so+0x64560d]
V  [libjvm.so+0x83231c]
j  jdk.internal.misc.Signal.dispatch(I)V+25 java.base@11.0.4
v  ~StubRoutines::call_stub
V  [libjvm.so+0x841c99]
V  [libjvm.so+0x840a95]
V  [libjvm.so+0xbb234c]
V  [libjvm.so+0xd7f0b3]
V  [libjvm.so+0xd7f385]
V  [libjvm.so+0xd7aeea]
V  [libjvm.so+0xbc4a5e]

Java frames: (J=compiled Java code, j=interpreted, Vv=VM code)
j  jdk.internal.misc.Signal.dispatch(I)V+25 java.base@11.0.4
v  ~StubRoutines::call_stub

siginfo: si_signo: 11 (SIGSEGV), si_code: 1 (SEGV_MAPERR), si_addr: 0x00007fe14648c198

Register to memory mapping:

RAX=0x0000000000001c5f is an unknown value
RBX=0x00007fe1354661f1 is pointing into the stack for thread: 0x00007fe1500bb000
RCX=0x00007fe14648501c is an unknown value
RDX=0x0000000000001c5f is an unknown value
RSP=0x00007fe135466140 is pointing into the stack for thread: 0x00007fe1500bb000
RBP=0x00007fe135466160 is pointing into the stack for thread: 0x00007fe1500bb000
RSI=0x00007fe1354661f0 is pointing into the stack for thread: 0x00007fe1500bb000
RDI=0x00007fe14ed34130: <offset 0x0000000000205130> in /usr/lib/jvm/java-11-openjdk-amd64/lib/libjimage.so at 0x00007fe14eb2f000
R8 =0x0 is NULL
R9 =0x0000000076100fa4 is an unknown value
R10=0x00007fe135466213 is pointing into the stack for thread: 0x00007fe1500bb000
R11=0x00007fe1567624c0: <offset 0x00000000001af4c0> in /lib/x86_64-linux-gnu/libc.so.6 at 0x00007fe1565b3000
R12=0x00007fe1354661f0 is pointing into the stack for thread: 0x00007fe1500bb000
R13=0x000000000000836c is an unknown value
R14=0x00007fe135467288 is pointing into the stack for thread: 0x00007fe1500bb000
R15=0x00007fe1500bb990 points into unknown readable memory: 6a 64 6b 2f 69 6e 74 65


Registers:
RAX=0x0000000000001c5f, RBX=0x00007fe1354661f1, RCX=0x00007fe14648501c, RDX=0x0000000000001c5f
RSP=0x00007fe135466140, RBP=0x00007fe135466160, RSI=0x00007fe1354661f0, RDI=0x00007fe14ed34130
R8 =0x0000000000000000, R9 =0x0000000076100fa4, R10=0x00007fe135466213, R11=0x00007fe1567624c0
R12=0x00007fe1354661f0, R13=0x000000000000836c, R14=0x00007fe135467288, R15=0x00007fe1500bb990
RIP=0x00007fe14eb31401, EFLAGS=0x0000000000010246, CSGSFS=0x002b000000000033, ERR=0x0000000000000004
  TRAPNO=0x000000000000000e

Top of Stack: (sp=0x00007fe135466140)
0x00007fe135466140:   0000000000000000 00007fe150020b70
0x00007fe135466150:   0000000000000000 00007fe1354661f0
0x00007fe135466160:   00007fe1354661d0 00007fe14eb320ea
0x00007fe135466170:   0000000000000000 0000000000000000 

Instructions: (pc=0x00007fe14eb31401)
0x00007fe14eb31301:   c5 4c 01 e3 48 89 ce e8 d3 f3 ff ff e9 69 fd ff
0x00007fe14eb31311:   ff 89 d1 0f b7 74 08 fe 66 41 89 74 0e fe e9 7a
0x00007fe14eb31321:   fe ff ff 0f 1f 40 00 8b 08 49 8d 1c 16 41 89 0e
0x00007fe14eb31331:   89 d1 8b 74 08 fc 41 89 74 0e fc 48 8d 34 10 48
0x00007fe14eb31341:   89 75 b8 e9 0b fe ff ff 0f 